%!Adobe-FontList 1.19
%Locale:0x409

%BeginFont
Handler:DirectoryHandler
FontType:TrueType
FontName:Antonio-Bold
FamilyName:Antonio
StyleName:Bold
MenuName:Antonio
StyleBits:2
WeightClass:700
WidthClass:1
AngleClass:0
FullName:Antonio Bold
WritingScript:Roman
OutlineFileName:\Antonio-Bold.ttf
DataFormat:sfntData
hasSVG:no
VariableFontType:NonVariableFont
FileLength:48508
FileModTime:1520910120
NameArray:0,Mac,4,Antonio Bold
NameArray:0,Win,1,Antonio
NameArray:0,Win,16,Antonio
%EndFont

%BeginFont
Handler:DirectoryHandler
FontType:TrueType
FontName:Antonio-Regular
FamilyName:Antonio
StyleName:Regular
MenuName:Antonio
StyleBits:0
WeightClass:400
WidthClass:1
AngleClass:0
FullName:Antonio Regular
WritingScript:Roman
OutlineFileName:\Antonio-Regular.ttf
DataFormat:sfntData
hasSVG:no
VariableFontType:NonVariableFont
FileLength:47944
FileModTime:1520910120
NameArray:0,Mac,4,Antonio Regular
NameArray:0,Win,1,Antonio
NameArray:0,Win,16,Antonio
%EndFont

%BeginFont
Handler:DirectoryHandler
FontType:Type1
FontName:MinionPro-Regular
FamilyName:Minion Pro
StyleName:Regular
MenuName:Minion Pro
StyleBits:0
WeightClass:400
WidthClass:5
AngleClass:0
FullName:Minion Pro
WritingScript:Roman
OutlineFileName:\MinionPro-Regular.otf
DataFormat:sfntData
UsesStandardEncoding:yes
isCFF:yes
hasSVG:no
VariableFontType:NonVariableFont
FileLength:218640
FileModTime:1511795236
DesignSize:110
NameArray:0,Mac,4,Minion Pro
NameArray:0,Win,1,Minion Pro
%EndFont

